<?xml version="1.0" encoding="UTF-8"?>
<!-- Generated by org.testng.reporters.JUnitReportReporter -->
<testsuite hostname="ASUS" failures="0" tests="1" name="com.reqres.api.test.TestDELETEUser" time="0.010" errors="0" timestamp="2022-11-25T23:50:32 IST" skipped="0">
  <testcase classname="com.reqres.api.test.TestDELETEUser" name="testDelete" time="0.010"/>
  <system-out/>
</testsuite> <!-- com.reqres.api.test.TestDELETEUser -->
