<?xml version="1.0" encoding="UTF-8"?>
<!-- Generated by org.testng.reporters.JUnitReportReporter -->
<testsuite hostname="ASUS" failures="0" tests="1" name="com.reqres.api.test.seleniumWeb" time="14.905" errors="0" timestamp="2022-12-08T10:57:42 IST" skipped="0">
  <testcase classname="com.reqres.api.test.seleniumWeb" name="automation" time="14.905"/>
</testsuite> <!-- com.reqres.api.test.seleniumWeb -->
