<?xml version="1.0" encoding="UTF-8"?>
<!-- Generated by org.testng.reporters.JUnitReportReporter -->
<testsuite hostname="cpu-1260" failures="0" tests="1" name="com.reqres.api.test.TestGETuser" time="1.781" errors="0" timestamp="2022-11-24T10:07:09 IST" skipped="0">
  <testcase classname="com.reqres.api.test.TestGETuser" name="TestGet" time="1.781"/>
  <system-out/>
</testsuite> <!-- com.reqres.api.test.TestGETuser -->
