<?xml version="1.0" encoding="UTF-8"?>
<!-- Generated by org.testng.reporters.JUnitReportReporter -->
<testsuite hostname="ASUS" failures="0" tests="1" name="com.reqres.api.test.TestPUTuser" time="0.904" errors="0" timestamp="2022-12-08T12:06:54 IST" skipped="0">
  <testcase classname="com.reqres.api.test.TestPUTuser" name="testPatch" time="0.904"/>
</testsuite> <!-- com.reqres.api.test.TestPUTuser -->
